# JRE version: Java(TM) SE Runtime Environment (21.0.4+8) (build 21.0.4+8-LTS-274)
# Java VM: Java HotSpot(TM) 64-Bit Server VM (21.0.4+8-LTS-274, mixed mode, sharing, tiered, compressed oops, compressed class ptrs, g1 gc, windows-amd64)
GC Precious Log:
 CardTable entry size: 512
 Card Set container configuration: InlinePtr #cards 5 size 8 Array Of Cards #cards 12 size 40 Howl #buckets 4 coarsen threshold 1843 Howl Bitmap #cards 512 size 80 coarsen threshold 460 Card regions per heap region 1 cards per card region 2048
 CPUs: 12 total, 12 available
 Memory: 7882M
 Large Page Support: Disabled
 NUMA Support: Disabled
 Compressed Oops: Enabled (32-bit)
 Heap Region Size: 1M
 Heap Min Capacity: 256M
 Heap Initial Capacity: 256M
 Heap Max Capacity: 512M
 Pre-touch: Disabled
 Parallel Workers: 10
 Concurrent Workers: 3
 Concurrent Refinement Workers: 10
 Periodic GC: Disabled
Heap:
 garbage-first heap   total 265216K, used 161984K [0x00000000e0000000, 0x0000000100000000)
  region size 1024K, 38 young (38912K), 10 survivors (10240K)
 Metaspace       used 88797K, committed 91136K, reserved 458752K
  class space    used 12254K, committed 13376K, reserved 327680K
GC Heap History (20 events):
Event: 81.989 GC heap before
{Heap before GC invocations=49 (full 0):
 garbage-first heap   total 262144K, used 134501K [0x00000000e0000000, 0x0000000100000000)
  region size 1024K, 18 young (18432K), 6 survivors (6144K)
 Metaspace       used 79327K, committed 81664K, reserved 458752K
  class space    used 11082K, committed 12224K, reserved 327680K
}
Event: 81.996 GC heap after
{Heap after GC invocations=50 (full 0):
 garbage-first heap   total 262144K, used 122209K [0x00000000e0000000, 0x0000000100000000)
  region size 1024K, 5 young (5120K), 5 survivors (5120K)
 Metaspace       used 79327K, committed 81664K, reserved 458752K
  class space    used 11082K, committed 12224K, reserved 327680K
}
Event: 82.346 GC heap before
{Heap before GC invocations=51 (full 0):
 garbage-first heap   total 262144K, used 241420K [0x00000000e0000000, 0x0000000100000000)
  region size 1024K, 122 young (124928K), 5 survivors (5120K)
 Metaspace       used 79307K, committed 81664K, reserved 458752K
  class space    used 11077K, committed 12224K, reserved 327680K
}
Event: 82.350 GC heap after
{Heap after GC invocations=52 (full 0):
 garbage-first heap   total 262144K, used 123072K [0x00000000e0000000, 0x0000000100000000)
  region size 1024K, 6 young (6144K), 6 survivors (6144K)
 Metaspace       used 79307K, committed 81664K, reserved 458752K
  class space    used 11077K, committed 12224K, reserved 327680K
}
Event: 82.542 GC heap before
{Heap before GC invocations=52 (full 0):
 garbage-first heap   total 262144K, used 240832K [0x00000000e0000000, 0x0000000100000000)
  region size 1024K, 121 young (123904K), 6 survivors (6144K)
 Metaspace       used 79307K, committed 81664K, reserved 458752K
  class space    used 11077K, committed 12224K, reserved 327680K
}
Event: 82.549 GC heap after
{Heap after GC invocations=53 (full 0):
 garbage-first heap   total 262144K, used 116687K [0x00000000e0000000, 0x0000000100000000)
  region size 1024K, 6 young (6144K), 6 survivors (6144K)
 Metaspace       used 79307K, committed 81664K, reserved 458752K
  class space    used 11077K, committed 12224K, reserved 327680K
}
Event: 82.936 GC heap before
{Heap before GC invocations=53 (full 0):
 garbage-first heap   total 262144K, used 211919K [0x00000000e0000000, 0x0000000100000000)
  region size 1024K, 100 young (102400K), 6 survivors (6144K)
 Metaspace       used 81081K, committed 83456K, reserved 458752K
  class space    used 11316K, committed 12480K, reserved 327680K
}
Event: 82.939 GC heap after
{Heap after GC invocations=54 (full 0):
 garbage-first heap   total 262144K, used 114989K [0x00000000e0000000, 0x0000000100000000)
  region size 1024K, 5 young (5120K), 5 survivors (5120K)
 Metaspace       used 81081K, committed 83456K, reserved 458752K
  class space    used 11316K, committed 12480K, reserved 327680K
}
Event: 83.752 GC heap before
{Heap before GC invocations=55 (full 0):
 garbage-first heap   total 262144K, used 244013K [0x00000000e0000000, 0x0000000100000000)
  region size 1024K, 129 young (132096K), 5 survivors (5120K)
 Metaspace       used 88394K, committed 90752K, reserved 458752K
  class space    used 12205K, committed 13312K, reserved 327680K
}
Event: 83.768 GC heap after
{Heap after GC invocations=56 (full 0):
 garbage-first heap   total 265216K, used 130932K [0x00000000e0000000, 0x0000000100000000)
  region size 1024K, 17 young (17408K), 17 survivors (17408K)
 Metaspace       used 88394K, committed 90752K, reserved 458752K
  class space    used 12205K, committed 13312K, reserved 327680K
}
Event: 83.962 GC heap before
{Heap before GC invocations=56 (full 0):
 garbage-first heap   total 265216K, used 232308K [0x00000000e0000000, 0x0000000100000000)
  region size 1024K, 117 young (119808K), 17 survivors (17408K)
 Metaspace       used 88449K, committed 90752K, reserved 458752K
  class space    used 12206K, committed 13312K, reserved 327680K
}
Event: 83.975 GC heap after
{Heap after GC invocations=57 (full 0):
 garbage-first heap   total 265216K, used 131327K [0x00000000e0000000, 0x0000000100000000)
  region size 1024K, 6 young (6144K), 6 survivors (6144K)
 Metaspace       used 88449K, committed 90752K, reserved 458752K
  class space    used 12206K, committed 13312K, reserved 327680K
}
Event: 84.283 GC heap before
{Heap before GC invocations=57 (full 0):
 garbage-first heap   total 265216K, used 242943K [0x00000000e0000000, 0x0000000100000000)
  region size 1024K, 116 young (118784K), 6 survivors (6144K)
 Metaspace       used 88460K, committed 90752K, reserved 458752K
  class space    used 12206K, committed 13312K, reserved 327680K
}
Event: 84.287 GC heap after
{Heap after GC invocations=58 (full 0):
 garbage-first heap   total 265216K, used 132463K [0x00000000e0000000, 0x0000000100000000)
  region size 1024K, 7 young (7168K), 7 survivors (7168K)
 Metaspace       used 88460K, committed 90752K, reserved 458752K
  class space    used 12206K, committed 13312K, reserved 327680K
}
Event: 84.720 GC heap before
{Heap before GC invocations=59 (full 0):
 garbage-first heap   total 265216K, used 242031K [0x00000000e0000000, 0x0000000100000000)
  region size 1024K, 115 young (117760K), 7 survivors (7168K)
 Metaspace       used 88452K, committed 90752K, reserved 458752K
  class space    used 12203K, committed 13312K, reserved 327680K
}
Event: 84.727 GC heap after
{Heap after GC invocations=60 (full 0):
 garbage-first heap   total 265216K, used 133434K [0x00000000e0000000, 0x0000000100000000)
  region size 1024K, 9 young (9216K), 9 survivors (9216K)
 Metaspace       used 88452K, committed 90752K, reserved 458752K
  class space    used 12203K, committed 13312K, reserved 327680K
}
Event: 85.108 GC heap before
{Heap before GC invocations=60 (full 0):
 garbage-first heap   total 265216K, used 239930K [0x00000000e0000000, 0x0000000100000000)
  region size 1024K, 114 young (116736K), 9 survivors (9216K)
 Metaspace       used 88453K, committed 90752K, reserved 458752K
  class space    used 12203K, committed 13312K, reserved 327680K
}
Event: 85.116 GC heap after
{Heap after GC invocations=61 (full 0):
 garbage-first heap   total 265216K, used 132748K [0x00000000e0000000, 0x0000000100000000)
  region size 1024K, 9 young (9216K), 9 survivors (9216K)
 Metaspace       used 88453K, committed 90752K, reserved 458752K
  class space    used 12203K, committed 13312K, reserved 327680K
}
Event: 85.473 GC heap before
{Heap before GC invocations=61 (full 0):
 garbage-first heap   total 265216K, used 240268K [0x00000000e0000000, 0x0000000100000000)
  region size 1024K, 114 young (116736K), 9 survivors (9216K)
 Metaspace       used 88453K, committed 90752K, reserved 458752K
  class space    used 12204K, committed 13312K, reserved 327680K
}
Event: 85.478 GC heap after
{Heap after GC invocations=62 (full 0):
 garbage-first heap   total 265216K, used 134336K [0x00000000e0000000, 0x0000000100000000)
  region size 1024K, 10 young (10240K), 10 survivors (10240K)
 Metaspace       used 88453K, committed 90752K, reserved 458752K
  class space    used 12204K, committed 13312K, reserved 327680K
}

